{"/home/tanvir/Desktop/backup/gst-recon-saas/services/gstn-service/src/controllers/gstinController.js": {"path":"/home/tanvir/Desktop/backup/gst-recon-saas/services/gstn-service/src/controllers/gstinController.js","statementMap":{"0":{"start":{"line":1,"column":14},"end":{"line":1,"column":40}},"1":{"start":{"line":2,"column":23},"end":{"line":2,"column":38}},"2":{"start":{"line":3,"column":43},"end":{"line":3,"column":95}},"3":{"start":{"line":5,"column":20},"end":{"line":65,"column":1}},"4":{"start":{"line":6,"column":4},"end":{"line":64,"column":5}},"5":{"start":{"line":11,"column":12},"end":{"line":11,"column":20}},"6":{"start":{"line":13,"column":28},"end":{"line":13,"column":57}},"7":{"start":{"line":15,"column":8},"end":{"line":17,"column":9}},"8":{"start":{"line":16,"column":12},"end":{"line":16,"column":88}},"9":{"start":{"line":20,"column":8},"end":{"line":22,"column":9}},"10":{"start":{"line":21,"column":12},"end":{"line":21,"column":100}},"11":{"start":{"line":25,"column":25},"end":{"line":25,"column":55}},"12":{"start":{"line":26,"column":8},"end":{"line":28,"column":9}},"13":{"start":{"line":27,"column":12},"end":{"line":27,"column":79}},"14":{"start":{"line":30,"column":25},"end":{"line":45,"column":10}},"15":{"start":{"line":48,"column":8},"end":{"line":59,"column":9}},"16":{"start":{"line":49,"column":39},"end":{"line":49,"column":81}},"17":{"start":{"line":50,"column":12},"end":{"line":56,"column":15}},"18":{"start":{"line":61,"column":8},"end":{"line":61,"column":79}},"19":{"start":{"line":63,"column":8},"end":{"line":63,"column":41}},"20":{"start":{"line":67,"column":19},"end":{"line":79,"column":1}},"21":{"start":{"line":68,"column":4},"end":{"line":78,"column":5}},"22":{"start":{"line":69,"column":28},"end":{"line":69,"column":57}},"23":{"start":{"line":70,"column":8},"end":{"line":72,"column":9}},"24":{"start":{"line":71,"column":12},"end":{"line":71,"column":88}},"25":{"start":{"line":74,"column":23},"end":{"line":74,"column":73}},"26":{"start":{"line":75,"column":8},"end":{"line":75,"column":62}},"27":{"start":{"line":77,"column":8},"end":{"line":77,"column":41}},"28":{"start":{"line":81,"column":17},"end":{"line":90,"column":1}},"29":{"start":{"line":82,"column":4},"end":{"line":89,"column":5}},"30":{"start":{"line":83,"column":23},"end":{"line":83,"column":33}},"31":{"start":{"line":84,"column":22},"end":{"line":84,"column":46}},"32":{"start":{"line":85,"column":8},"end":{"line":85,"column":78}},"33":{"start":{"line":85,"column":20},"end":{"line":85,"column":78}},"34":{"start":{"line":86,"column":8},"end":{"line":86,"column":60}},"35":{"start":{"line":88,"column":8},"end":{"line":88,"column":41}},"36":{"start":{"line":92,"column":20},"end":{"line":107,"column":1}},"37":{"start":{"line":93,"column":4},"end":{"line":106,"column":5}},"38":{"start":{"line":94,"column":23},"end":{"line":94,"column":33}},"39":{"start":{"line":95,"column":24},"end":{"line":95,"column":32}},"40":{"start":{"line":96,"column":8},"end":{"line":96,"column":40}},"41":{"start":{"line":100,"column":29},"end":{"line":100,"column":60}},"42":{"start":{"line":101,"column":8},"end":{"line":101,"column":85}},"43":{"start":{"line":101,"column":27},"end":{"line":101,"column":85}},"44":{"start":{"line":103,"column":8},"end":{"line":103,"column":80}},"45":{"start":{"line":105,"column":8},"end":{"line":105,"column":41}},"46":{"start":{"line":109,"column":0},"end":{"line":114,"column":2}}},"fnMap":{"0":{"name":"(anonymous_0)","decl":{"start":{"line":5,"column":20},"end":{"line":5,"column":21}},"loc":{"start":{"line":5,"column":40},"end":{"line":65,"column":1}},"line":5},"1":{"name":"(anonymous_1)","decl":{"start":{"line":67,"column":19},"end":{"line":67,"column":20}},"loc":{"start":{"line":67,"column":39},"end":{"line":79,"column":1}},"line":67},"2":{"name":"(anonymous_2)","decl":{"start":{"line":81,"column":17},"end":{"line":81,"column":18}},"loc":{"start":{"line":81,"column":37},"end":{"line":90,"column":1}},"line":81},"3":{"name":"(anonymous_3)","decl":{"start":{"line":92,"column":20},"end":{"line":92,"column":21}},"loc":{"start":{"line":92,"column":40},"end":{"line":107,"column":1}},"line":92}},"branchMap":{"0":{"loc":{"start":{"line":15,"column":8},"end":{"line":17,"column":9}},"type":"if","locations":[{"start":{"line":15,"column":8},"end":{"line":17,"column":9}},{"start":{},"end":{}}],"line":15},"1":{"loc":{"start":{"line":20,"column":8},"end":{"line":22,"column":9}},"type":"if","locations":[{"start":{"line":20,"column":8},"end":{"line":22,"column":9}},{"start":{},"end":{}}],"line":20},"2":{"loc":{"start":{"line":20,"column":12},"end":{"line":20,"column":48}},"type":"binary-expr","locations":[{"start":{"line":20,"column":12},"end":{"line":20,"column":18}},{"start":{"line":20,"column":22},"end":{"line":20,"column":33}},{"start":{"line":20,"column":37},"end":{"line":20,"column":48}}],"line":20},"3":{"loc":{"start":{"line":26,"column":8},"end":{"line":28,"column":9}},"type":"if","locations":[{"start":{"line":26,"column":8},"end":{"line":28,"column":9}},{"start":{},"end":{}}],"line":26},"4":{"loc":{"start":{"line":37,"column":31},"end":{"line":37,"column":85}},"type":"cond-expr","locations":[{"start":{"line":37,"column":51},"end":{"line":37,"column":78}},{"start":{"line":37,"column":81},"end":{"line":37,"column":85}}],"line":37},"5":{"loc":{"start":{"line":38,"column":31},"end":{"line":38,"column":78}},"type":"binary-expr","locations":[{"start":{"line":38,"column":31},"end":{"line":38,"column":44}},{"start":{"line":38,"column":48},"end":{"line":38,"column":65}},{"start":{"line":38,"column":69},"end":{"line":38,"column":78}}],"line":38},"6":{"loc":{"start":{"line":41,"column":21},"end":{"line":41,"column":61}},"type":"cond-expr","locations":[{"start":{"line":41,"column":31},"end":{"line":41,"column":54}},{"start":{"line":41,"column":57},"end":{"line":41,"column":61}}],"line":41},"7":{"loc":{"start":{"line":70,"column":8},"end":{"line":72,"column":9}},"type":"if","locations":[{"start":{"line":70,"column":8},"end":{"line":72,"column":9}},{"start":{},"end":{}}],"line":70},"8":{"loc":{"start":{"line":85,"column":8},"end":{"line":85,"column":78}},"type":"if","locations":[{"start":{"line":85,"column":8},"end":{"line":85,"column":78}},{"start":{},"end":{}}],"line":85},"9":{"loc":{"start":{"line":101,"column":8},"end":{"line":101,"column":85}},"type":"if","locations":[{"start":{"line":101,"column":8},"end":{"line":101,"column":85}},{"start":{},"end":{}}],"line":101}},"s":{"0":1,"1":1,"2":1,"3":1,"4":2,"5":2,"6":2,"7":2,"8":1,"9":1,"10":0,"11":1,"12":1,"13":0,"14":1,"15":1,"16":1,"17":1,"18":1,"19":0,"20":1,"21":0,"22":0,"23":0,"24":0,"25":0,"26":0,"27":0,"28":1,"29":0,"30":0,"31":0,"32":0,"33":0,"34":0,"35":0,"36":1,"37":0,"38":0,"39":0,"40":0,"41":0,"42":0,"43":0,"44":0,"45":0,"46":1},"f":{"0":2,"1":0,"2":0,"3":0},"b":{"0":[1,1],"1":[0,1],"2":[1,1,1],"3":[0,1],"4":[0,1],"5":[1,1,1],"6":[0,1],"7":[0,0],"8":[0,0],"9":[0,0]},"_coverageSchema":"1a1c01bbd47fc00a2c39e90264f33305004495a9","hash":"e6f3bb23ba407b7af8eb05a8d6b5500bfb825459"}
}
