TN:
SF:src/controllers/gstinController.js
FN:5,(anonymous_0)
FN:67,(anonymous_1)
FN:81,(anonymous_2)
FN:92,(anonymous_3)
FNF:4
FNH:1
FNDA:2,(anonymous_0)
FNDA:0,(anonymous_1)
FNDA:0,(anonymous_2)
FNDA:0,(anonymous_3)
DA:1,1
DA:2,1
DA:3,1
DA:5,1
DA:6,2
DA:11,2
DA:13,2
DA:15,2
DA:16,1
DA:20,1
DA:21,0
DA:25,1
DA:26,1
DA:27,0
DA:30,1
DA:48,1
DA:49,1
DA:50,1
DA:61,1
DA:63,0
DA:67,1
DA:68,0
DA:69,0
DA:70,0
DA:71,0
DA:74,0
DA:75,0
DA:77,0
DA:81,1
DA:82,0
DA:83,0
DA:84,0
DA:85,0
DA:86,0
DA:88,0
DA:92,1
DA:93,0
DA:94,0
DA:95,0
DA:96,0
DA:100,0
DA:101,0
DA:103,0
DA:105,0
DA:109,1
LF:45
LH:21
BRDA:15,0,0,1
BRDA:15,0,1,1
BRDA:20,1,0,0
BRDA:20,1,1,1
BRDA:20,2,0,1
BRDA:20,2,1,1
BRDA:20,2,2,1
BRDA:26,3,0,0
BRDA:26,3,1,1
BRDA:37,4,0,0
BRDA:37,4,1,1
BRDA:38,5,0,1
BRDA:38,5,1,1
BRDA:38,5,2,1
BRDA:41,6,0,0
BRDA:41,6,1,1
BRDA:70,7,0,0
BRDA:70,7,1,0
BRDA:85,8,0,0
BRDA:85,8,1,0
BRDA:101,9,0,0
BRDA:101,9,1,0
BRF:22
BRH:12
end_of_record
